<?xml version="1.0" encoding="UTF-8"?>
<!-- Generated by org.testng.reporters.JUnitReportReporter -->
<testsuite hostname="CHN1-LHP-N81682" failures="0" tests="1" name="user.Service.UpdateProductById" time="0.951" errors="0" timestamp="2022-05-04T13:43:40 IST" skipped="0">
  <testcase classname="user.Service.UpdateProductById" name="putRequest" time="0.951"/>
  <system-out/>
</testsuite> <!-- user.Service.UpdateProductById -->
