<?xml version="1.0" encoding="UTF-8"?>
<!-- Generated by org.testng.reporters.JUnitReportReporter -->
<testsuite hostname="CHN1-LHP-N81682" failures="0" tests="1" name="Appointment.service.UpdateDoctorUsingEmail" time="0.949" errors="0" timestamp="2022-05-06T23:13:34 IST" skipped="0">
  <testcase classname="Appointment.service.UpdateDoctorUsingEmail" name="putRequest" time="0.949"/>
  <system-out/>
</testsuite> <!-- Appointment.service.UpdateDoctorUsingEmail -->
