<?xml version="1.0" encoding="UTF-8"?>
<!-- Generated by org.testng.reporters.JUnitReportReporter -->
<testsuite hostname="CHN1-LHP-N81682" failures="0" tests="1" name="com.sr1.AddingProducts" time="0.801" errors="0" timestamp="2022-05-04T12:54:36 IST" skipped="0">
  <testcase classname="com.sr1.AddingProducts" name="toCreateAProduct" time="0.801"/>
  <system-out/>
</testsuite> <!-- com.sr1.AddingProducts -->
