<?xml version="1.0" encoding="UTF-8"?>
<!-- Generated by org.testng.reporters.JUnitReportReporter -->
<testsuite hostname="CHN1-LHP-N81682" failures="0" tests="1" name="Authentication.service.LoginUser" time="1.060" errors="0" timestamp="2022-05-05T21:13:03 IST" skipped="0">
  <testcase classname="Authentication.service.LoginUser" name="loginUser" time="1.060"/>
  <system-out/>
</testsuite> <!-- Authentication.service.LoginUser -->
