<?xml version="1.0" encoding="UTF-8"?>
<!-- Generated by org.testng.reporters.JUnitReportReporter -->
<testsuite hostname="CHN1-LHP-N81682" failures="0" tests="1" name="Appointment.service.getByAppointmentId" time="1.378" errors="0" timestamp="2022-05-06T23:09:53 IST" skipped="0">
  <testcase classname="Appointment.service.getByAppointmentId" name="getDoctorUsingEmail" time="1.378"/>
  <system-out/>
</testsuite> <!-- Appointment.service.getByAppointmentId -->
