<?xml version="1.0" encoding="UTF-8"?>
<!-- Generated by org.testng.reporters.JUnitReportReporter -->
<testsuite hostname="CHN1-LHP-N81682" failures="0" tests="1" name="user.Service.CreatePatient" time="0.900" errors="0" timestamp="2022-05-05T20:30:57 IST" skipped="0">
  <testcase classname="user.Service.CreatePatient" name="toRegisterPatient" time="0.900"/>
  <system-out/>
</testsuite> <!-- user.Service.CreatePatient -->
