<?xml version="1.0" encoding="UTF-8"?>
<!-- Generated by org.testng.reporters.JUnitReportReporter -->
<testsuite hostname="CHN1-LHP-N81682" failures="0" tests="1" name="user.Service.UpdatePatientUsingEmail" time="0.984" errors="0" timestamp="2022-05-05T20:36:20 IST" skipped="0">
  <testcase classname="user.Service.UpdatePatientUsingEmail" name="putRequest" time="0.984"/>
  <system-out/>
</testsuite> <!-- user.Service.UpdatePatientUsingEmail -->
