<?xml version="1.0" encoding="UTF-8"?>
<!-- Generated by org.testng.reporters.JUnitReportReporter -->
<testsuite hostname="CHN1-LHP-N81682" failures="0" tests="1" name="user.Service.getPatientUsingEmail" time="1.376" errors="0" timestamp="2022-05-05T23:01:46 IST" skipped="0">
  <testcase classname="user.Service.getPatientUsingEmail" name="getDoctorUsingEmail" time="1.376"/>
  <system-out/>
</testsuite> <!-- user.Service.getPatientUsingEmail -->
