<?xml version="1.0" encoding="UTF-8"?>
<!-- Generated by org.testng.reporters.JUnitReportReporter -->
<testsuite hostname="CHN1-LHP-N81682" failures="0" tests="1" name="user.Service.CreateDoctor" time="0.888" errors="0" timestamp="2022-05-05T20:29:11 IST" skipped="0">
  <testcase classname="user.Service.CreateDoctor" name="toRegisterDoctor" time="0.888"/>
  <system-out/>
</testsuite> <!-- user.Service.CreateDoctor -->
