<?xml version="1.0" encoding="UTF-8"?>
<!-- Generated by org.testng.reporters.JUnitReportReporter -->
<testsuite hostname="CHN1-LHP-N81682" failures="0" tests="1" name="Appointment.service.GetBySlotId" time="0.971" errors="0" timestamp="2022-05-06T23:08:21 IST" skipped="0">
  <testcase classname="Appointment.service.GetBySlotId" name="getDoctorUsingSpecialization" time="0.971"/>
  <system-out/>
</testsuite> <!-- Appointment.service.GetBySlotId -->
