<?xml version="1.0" encoding="UTF-8"?>
<!-- Generated by org.testng.reporters.JUnitReportReporter -->
<testsuite hostname="CHN1-LHP-N81682" failures="0" tests="1" name="Appointment.service.CreateSlotByDoctor" time="0.925" errors="0" timestamp="2022-05-06T23:02:11 IST" skipped="0">
  <testcase classname="Appointment.service.CreateSlotByDoctor" name="toRegisterDoctor" time="0.925"/>
  <system-out/>
</testsuite> <!-- Appointment.service.CreateSlotByDoctor -->
