<?xml version="1.0" encoding="UTF-8"?>
<!-- Generated by org.testng.reporters.JUnitReportReporter -->
<testsuite hostname="CHN1-LHP-N81682" failures="0" tests="1" name="user.Service.GetDoctorUsingSpecialization" time="0.850" errors="0" timestamp="2022-05-05T21:18:32 IST" skipped="0">
  <testcase classname="user.Service.GetDoctorUsingSpecialization" name="getDoctorUsingSpecialization" time="0.850"/>
  <system-out/>
</testsuite> <!-- user.Service.GetDoctorUsingSpecialization -->
