<?xml version="1.0" encoding="UTF-8"?>
<!-- Generated by org.testng.reporters.JUnitReportReporter -->
<testsuite hostname="CHN1-LHP-N81682" failures="0" tests="1" name="user.Service.GetDoctorUsingEmail" time="1.680" errors="0" timestamp="2022-05-05T22:35:27 IST" skipped="0">
  <testcase classname="user.Service.GetDoctorUsingEmail" name="getDoctorUsingEmail" time="1.680"/>
  <system-out/>
</testsuite> <!-- user.Service.GetDoctorUsingEmail -->
